# JRE version: Java(TM) SE Runtime Environment (8.0_91-b14) (build 1.8.0_91-b14)
# Java VM: Java HotSpot(TM) 64-Bit Server VM (25.91-b14 mixed mode windows-amd64 compressed oops)
Heap:
 PSYoungGen      total 28672K, used 1687K [0x00000000e0000000, 0x00000000e2300000, 0x0000000100000000)
  eden space 21504K, 7% used [0x00000000e0000000,0x00000000e018dfe8,0x00000000e1500000)
  from space 7168K, 1% used [0x00000000e1c00000,0x00000000e1c18000,0x00000000e2300000)
  to   space 7168K, 0% used [0x00000000e1500000,0x00000000e1500000,0x00000000e1c00000)
 ParOldGen       total 65536K, used 27042K [0x00000000a0000000, 0x00000000a4000000, 0x00000000e0000000)
  object space 65536K, 41% used [0x00000000a0000000,0x00000000a1a68be8,0x00000000a4000000)
 Metaspace       used 11125K, capacity 11368K, committed 11648K, reserved 1058816K
  class space    used 1297K, capacity 1388K, committed 1408K, reserved 1048576K
GC Heap History (10 events):
Event: 35.388 GC heap before
{Heap before GC invocations=8 (full 0):
 PSYoungGen      total 28672K, used 23232K [0x00000000e0000000, 0x00000000e2280000, 0x0000000100000000)
  eden space 23040K, 100% used [0x00000000e0000000,0x00000000e1680000,0x00000000e1680000)
  from space 5632K, 3% used [0x00000000e1700000,0x00000000e1730000,0x00000000e1c80000)
  to   space 6144K, 0% used [0x00000000e1c80000,0x00000000e1c80000,0x00000000e2280000)
 ParOldGen       total 65536K, used 20289K [0x00000000a0000000, 0x00000000a4000000, 0x00000000e0000000)
  object space 65536K, 30% used [0x00000000a0000000,0x00000000a13d0528,0x00000000a4000000)
 Metaspace       used 11125K, capacity 11368K, committed 11648K, reserved 1058816K
  class space    used 1297K, capacity 1388K, committed 1408K, reserved 1048576K
Event: 35.389 GC heap after
Heap after GC invocations=8 (full 0):
 PSYoungGen      total 28672K, used 96K [0x00000000e0000000, 0x00000000e2300000, 0x0000000100000000)
  eden space 22528K, 0% used [0x00000000e0000000,0x00000000e0000000,0x00000000e1600000)
  from space 6144K, 1% used [0x00000000e1c80000,0x00000000e1c98000,0x00000000e2280000)
  to   space 6656K, 0% used [0x00000000e1600000,0x00000000e1600000,0x00000000e1c80000)
 ParOldGen       total 65536K, used 20337K [0x00000000a0000000, 0x00000000a4000000, 0x00000000e0000000)
  object space 65536K, 31% used [0x00000000a0000000,0x00000000a13dc528,0x00000000a4000000)
 Metaspace       used 11125K, capacity 11368K, committed 11648K, reserved 1058816K
  class space    used 1297K, capacity 1388K, committed 1408K, reserved 1048576K
}
Event: 37.319 GC heap before
{Heap before GC invocations=9 (full 0):
 PSYoungGen      total 28672K, used 22624K [0x00000000e0000000, 0x00000000e2300000, 0x0000000100000000)
  eden space 22528K, 100% used [0x00000000e0000000,0x00000000e1600000,0x00000000e1600000)
  from space 6144K, 1% used [0x00000000e1c80000,0x00000000e1c98000,0x00000000e2280000)
  to   space 6656K, 0% used [0x00000000e1600000,0x00000000e1600000,0x00000000e1c80000)
 ParOldGen       total 65536K, used 20337K [0x00000000a0000000, 0x00000000a4000000, 0x00000000e0000000)
  object space 65536K, 31% used [0x00000000a0000000,0x00000000a13dc528,0x00000000a4000000)
 Metaspace       used 11125K, capacity 11368K, committed 11648K, reserved 1058816K
  class space    used 1297K, capacity 1388K, committed 1408K, reserved 1048576K
Event: 37.320 GC heap after
Heap after GC invocations=9 (full 0):
 PSYoungGen      total 22528K, used 64K [0x00000000e0000000, 0x00000000e2280000, 0x0000000100000000)
  eden space 22016K, 0% used [0x00000000e0000000,0x00000000e0000000,0x00000000e1580000)
  from space 512K, 12% used [0x00000000e1600000,0x00000000e1610000,0x00000000e1680000)
  to   space 6656K, 0% used [0x00000000e1c00000,0x00000000e1c00000,0x00000000e2280000)
 ParOldGen       total 65536K, used 20353K [0x00000000a0000000, 0x00000000a4000000, 0x00000000e0000000)
  object space 65536K, 31% used [0x00000000a0000000,0x00000000a13e0528,0x00000000a4000000)
 Metaspace       used 11125K, capacity 11368K, committed 11648K, reserved 1058816K
  class space    used 1297K, capacity 1388K, committed 1408K, reserved 1048576K
}
Event: 38.781 GC heap before
{Heap before GC invocations=10 (full 0):
 PSYoungGen      total 22528K, used 20904K [0x00000000e0000000, 0x00000000e2280000, 0x0000000100000000)
  eden space 22016K, 94% used [0x00000000e0000000,0x00000000e145a3e0,0x00000000e1580000)
  from space 512K, 12% used [0x00000000e1600000,0x00000000e1610000,0x00000000e1680000)
  to   space 6656K, 0% used [0x00000000e1c00000,0x00000000e1c00000,0x00000000e2280000)
 ParOldGen       total 65536K, used 20353K [0x00000000a0000000, 0x00000000a4000000, 0x00000000e0000000)
  object space 65536K, 31% used [0x00000000a0000000,0x00000000a13e0528,0x00000000a4000000)
 Metaspace       used 11125K, capacity 11368K, committed 11648K, reserved 1058816K
  class space    used 1297K, capacity 1388K, committed 1408K, reserved 1048576K
Event: 38.784 GC heap after
Heap after GC invocations=10 (full 0):
 PSYoungGen      total 28160K, used 4503K [0x00000000e0000000, 0x00000000e2300000, 0x0000000100000000)
  eden space 21504K, 0% used [0x00000000e0000000,0x00000000e0000000,0x00000000e1500000)
  from space 6656K, 67% used [0x00000000e1c00000,0x00000000e2065f20,0x00000000e2280000)
  to   space 7168K, 0% used [0x00000000e1500000,0x00000000e1500000,0x00000000e1c00000)
 ParOldGen       total 65536K, used 22587K [0x00000000a0000000, 0x00000000a4000000, 0x00000000e0000000)
  object space 65536K, 34% used [0x00000000a0000000,0x00000000a160ecc8,0x00000000a4000000)
 Metaspace       used 11125K, capacity 11368K, committed 11648K, reserved 1058816K
  class space    used 1297K, capacity 1388K, committed 1408K, reserved 1048576K
}
Event: 40.113 GC heap before
{Heap before GC invocations=11 (full 0):
 PSYoungGen      total 28160K, used 26007K [0x00000000e0000000, 0x00000000e2300000, 0x0000000100000000)
  eden space 21504K, 100% used [0x00000000e0000000,0x00000000e1500000,0x00000000e1500000)
  from space 6656K, 67% used [0x00000000e1c00000,0x00000000e2065f20,0x00000000e2280000)
  to   space 7168K, 0% used [0x00000000e1500000,0x00000000e1500000,0x00000000e1c00000)
 ParOldGen       total 65536K, used 22587K [0x00000000a0000000, 0x00000000a4000000, 0x00000000e0000000)
  object space 65536K, 34% used [0x00000000a0000000,0x00000000a160ecc8,0x00000000a4000000)
 Metaspace       used 11125K, capacity 11368K, committed 11648K, reserved 1058816K
  class space    used 1297K, capacity 1388K, committed 1408K, reserved 1048576K
Event: 40.115 GC heap after
Heap after GC invocations=11 (full 0):
 PSYoungGen      total 28672K, used 96K [0x00000000e0000000, 0x00000000e2300000, 0x0000000100000000)
  eden space 21504K, 0% used [0x00000000e0000000,0x00000000e0000000,0x00000000e1500000)
  from space 7168K, 1% used [0x00000000e1500000,0x00000000e1518000,0x00000000e1c00000)
  to   space 7168K, 0% used [0x00000000e1c00000,0x00000000e1c00000,0x00000000e2300000)
 ParOldGen       total 65536K, used 27042K [0x00000000a0000000, 0x00000000a4000000, 0x00000000e0000000)
  object space 65536K, 41% used [0x00000000a0000000,0x00000000a1a68be8,0x00000000a4000000)
 Metaspace       used 11125K, capacity 11368K, committed 11648K, reserved 1058816K
  class space    used 1297K, capacity 1388K, committed 1408K, reserved 1048576K
}
Event: 41.674 GC heap before
{Heap before GC invocations=12 (full 0):
 PSYoungGen      total 28672K, used 21600K [0x00000000e0000000, 0x00000000e2300000, 0x0000000100000000)
  eden space 21504K, 100% used [0x00000000e0000000,0x00000000e1500000,0x00000000e1500000)
  from space 7168K, 1% used [0x00000000e1500000,0x00000000e1518000,0x00000000e1c00000)
  to   space 7168K, 0% used [0x00000000e1c00000,0x00000000e1c00000,0x00000000e2300000)
 ParOldGen       total 65536K, used 27042K [0x00000000a0000000, 0x00000000a4000000, 0x00000000e0000000)
  object space 65536K, 41% used [0x00000000a0000000,0x00000000a1a68be8,0x00000000a4000000)
 Metaspace       used 11125K, capacity 11368K, committed 11648K, reserved 1058816K
  class space    used 1297K, capacity 1388K, committed 1408K, reserved 1048576K
Event: 41.675 GC heap after
Heap after GC invocations=12 (full 0):
 PSYoungGen      total 28672K, used 96K [0x00000000e0000000, 0x00000000e2300000, 0x0000000100000000)
  eden space 21504K, 0% used [0x00000000e0000000,0x00000000e0000000,0x00000000e1500000)
  from space 7168K, 1% used [0x00000000e1c00000,0x00000000e1c18000,0x00000000e2300000)
  to   space 7168K, 0% used [0x00000000e1500000,0x00000000e1500000,0x00000000e1c00000)
 ParOldGen       total 65536K, used 27042K [0x00000000a0000000, 0x00000000a4000000, 0x00000000e0000000)
  object space 65536K, 41% used [0x00000000a0000000,0x00000000a1a68be8,0x00000000a4000000)
 Metaspace       used 11125K, capacity 11368K, committed 11648K, reserved 1058816K
  class space    used 1297K, capacity 1388K, committed 1408K, reserved 1048576K
}

